<?xml version="1.0" encoding="UTF-8"?>
<testsuite xmlns:xsi="http://www.w3.org/2001/XMLSchema-instance" xsi:noNamespaceSchemaLocation="https://maven.apache.org/surefire/maven-surefire-plugin/xsd/surefire-test-report-3.0.xsd" version="3.0" name="com.mainapp.Spb15CommonLibraryApplicationTests" time="2.813" tests="1" errors="0" skipped="0" failures="0">
  <properties>
[...]
</properties>
  <testcase name="contextLoads" classname="com.mainapp.Spb15CommonLibraryApplicationTests" time="0.057">
    <system-out><![CDATA[17:52:21.813 [main] DEBUG org.springframework.test.context.BootstrapUtils - Instantiating CacheAwareContextLoaderDelegate from class [org.springframework.test.context.cache.DefaultCacheAwareContextLoaderDelegate]
17:52:21.820 [main] DEBUG org.springframework.test.context.BootstrapUtils - Instantiating BootstrapContext using constructor [public org.springframework.test.context.support.DefaultBootstrapContext(java.lang.Class,org.springframework.test.context.CacheAwareContextLoaderDelegate)]
17:52:21.845 [main] DEBUG org.springframework.test.context.BootstrapUtils - Instantiating TestContextBootstrapper for test class [com.mainapp.Spb15CommonLibraryApplicationTests] from class [org.springframework.boot.test.context.SpringBootTestContextBootstrapper]
17:52:21.853 [main] INFO org.springframework.boot.test.context.SpringBootTestContextBootstrapper - Neither @ContextConfiguration nor @ContextHierarchy found for test class [com.mainapp.Spb15CommonLibraryApplicationTests], using SpringBootContextLoader
17:52:21.856 [main] DEBUG org.springframework.test.context.support.AbstractContextLoader - Did not detect default resource location for test class [com.mainapp.Spb15CommonLibraryApplicationTests]: class path resource [com/mainapp/Spb15CommonLibraryApplicationTests-context.xml] does not exist
17:52:21.856 [main] DEBUG org.springframework.test.context.support.AbstractContextLoader - Did not detect default resource location for test class [com.mainapp.Spb15CommonLibraryApplicationTests]: class path resource [com/mainapp/Spb15CommonLibraryApplicationTestsContext.groovy] does not exist
17:52:21.856 [main] INFO org.springframework.test.context.support.AbstractContextLoader - Could not detect default resource locations for test class [com.mainapp.Spb15CommonLibraryApplicationTests]: no resource found for suffixes {-context.xml, Context.groovy}.
17:52:21.857 [main] INFO org.springframework.test.context.support.AnnotationConfigContextLoaderUtils - Could not detect default configuration classes for test class [com.mainapp.Spb15CommonLibraryApplicationTests]: Spb15CommonLibraryApplicationTests does not declare any static, non-private, non-final, nested classes annotated with @Configuration.
17:52:21.887 [main] DEBUG org.springframework.test.context.support.ActiveProfilesUtils - Could not find an 'annotation declaring class' for annotation type [org.springframework.test.context.ActiveProfiles] and class [com.mainapp.Spb15CommonLibraryApplicationTests]
17:52:21.937 [main] DEBUG org.springframework.context.annotation.ClassPathScanningCandidateComponentProvider - Identified candidate component class: file [C:\Users\suraj\sts-workspace\spb15-commonLibrary\target\classes\com\mainapp\Spb15CommonLibraryApplication.class]
17:52:21.938 [main] INFO org.springframework.boot.test.context.SpringBootTestContextBootstrapper - Found @SpringBootConfiguration com.mainapp.Spb15CommonLibraryApplication for test class com.mainapp.Spb15CommonLibraryApplicationTests
17:52:21.999 [main] DEBUG org.springframework.boot.test.context.SpringBootTestContextBootstrapper - @TestExecutionListeners is not present for class [com.mainapp.Spb15CommonLibraryApplicationTests]: using defaults.
17:52:21.999 [main] INFO org.springframework.boot.test.context.SpringBootTestContextBootstrapper - Loaded default TestExecutionListener class names from location [META-INF/spring.factories]: [org.springframework.boot.test.mock.mockito.MockitoTestExecutionListener, org.springframework.boot.test.mock.mockito.ResetMocksTestExecutionListener, org.springframework.boot.test.autoconfigure.restdocs.RestDocsTestExecutionListener, org.springframework.boot.test.autoconfigure.web.client.MockRestServiceServerResetTestExecutionListener, org.springframework.boot.test.autoconfigure.web.servlet.MockMvcPrintOnlyOnFailureTestExecutionListener, org.springframework.boot.test.autoconfigure.web.servlet.WebDriverTestExecutionListener, org.springframework.boot.test.autoconfigure.webservices.client.MockWebServiceServerTestExecutionListener, org.springframework.test.context.web.ServletTestExecutionListener, org.springframework.test.context.support.DirtiesContextBeforeModesTestExecutionListener, org.springframework.test.context.event.ApplicationEventsTestExecutionListener, org.springframework.test.context.support.DependencyInjectionTestExecutionListener, org.springframework.test.context.support.DirtiesContextTestExecutionListener, org.springframework.test.context.transaction.TransactionalTestExecutionListener, org.springframework.test.context.jdbc.SqlScriptsTestExecutionListener, org.springframework.test.context.event.EventPublishingTestExecutionListener]
17:52:22.012 [main] INFO org.springframework.boot.test.context.SpringBootTestContextBootstrapper - Using TestExecutionListeners: [org.springframework.test.context.web.ServletTestExecutionListener@5c18016b, org.springframework.test.context.support.DirtiesContextBeforeModesTestExecutionListener@33aeca0b, org.springframework.test.context.event.ApplicationEventsTestExecutionListener@43aaf813, org.springframework.boot.test.mock.mockito.MockitoTestExecutionListener@57ac5227, org.springframework.boot.test.autoconfigure.SpringBootDependencyInjectionTestExecutionListener@4ba302e0, org.springframework.test.context.support.DirtiesContextTestExecutionListener@e98770d, org.springframework.test.context.transaction.TransactionalTestExecutionListener@1ae67cad, org.springframework.test.context.jdbc.SqlScriptsTestExecutionListener@2f6e28bc, org.springframework.test.context.event.EventPublishingTestExecutionListener@7c098bb3, org.springframework.boot.test.mock.mockito.ResetMocksTestExecutionListener@31e4bb20, org.springframework.boot.test.autoconfigure.restdocs.RestDocsTestExecutionListener@18cebaa5, org.springframework.boot.test.autoconfigure.web.client.MockRestServiceServerResetTestExecutionListener@463b4ac8, org.springframework.boot.test.autoconfigure.web.servlet.MockMvcPrintOnlyOnFailureTestExecutionListener@765f05af, org.springframework.boot.test.autoconfigure.web.servlet.WebDriverTestExecutionListener@62f68dff, org.springframework.boot.test.autoconfigure.webservices.client.MockWebServiceServerTestExecutionListener@f001896]
17:52:22.015 [main] DEBUG org.springframework.test.context.support.AbstractDirtiesContextTestExecutionListener - Before test class: context [DefaultTestContext@a4ca3f6 testClass = Spb15CommonLibraryApplicationTests, testInstance = [null], testMethod = [null], testException = [null], mergedContextConfiguration = [WebMergedContextConfiguration@72ea6193 testClass = Spb15CommonLibraryApplicationTests, locations = '{}', classes = '{class com.mainapp.Spb15CommonLibraryApplication}', contextInitializerClasses = '[]', activeProfiles = '{}', propertySourceLocations = '{}', propertySourceProperties = '{org.springframework.boot.test.context.SpringBootTestContextBootstrapper=true}', contextCustomizers = set[org.springframework.boot.test.context.filter.ExcludeFilterContextCustomizer@74f6c5d8, org.springframework.boot.test.json.DuplicateJsonObjectContextCustomizerFactory$DuplicateJsonObjectContextCustomizer@4bbf6d0e, org.springframework.boot.test.mock.mockito.MockitoContextCustomizer@0, org.springframework.boot.test.web.client.TestRestTemplateContextCustomizer@2205a05d, org.springframework.boot.test.autoconfigure.actuate.metrics.MetricsExportContextCustomizerFactory$DisableMetricExportContextCustomizer@560348e6, org.springframework.boot.test.autoconfigure.properties.PropertyMappingContextCustomizer@0, org.springframework.boot.test.autoconfigure.web.servlet.WebDriverContextCustomizerFactory$Customizer@4dd6fd0a, org.springframework.boot.test.context.SpringBootTestArgs@1, org.springframework.boot.test.context.SpringBootTestWebEnvironment@57c758ac], resourceBasePath = 'src/main/webapp', contextLoader = 'org.springframework.boot.test.context.SpringBootContextLoader', parent = [null]], attributes = map['org.springframework.test.context.web.ServletTestExecutionListener.activateListener' -> true]], class annotated with @DirtiesContext [false] with mode [null].

  .   ____          _            __ _ _
 /\\ / ___'_ __ _ _(_)_ __  __ _ \ \ \ \
( ( )\___ | '_ | '_| | '_ \/ _` | \ \ \ \
 \\/  ___)| |_)| | | | | || (_| |  ) ) ) )
  '  |____| .__|_| |_|_| |_\__, | / / / /
 =========|_|==============|___/=/_/_/_/
 :: Spring Boot ::               (v2.7.18)

2026-03-31 17:52:22.198  INFO 31996 --- [           main] c.m.Spb15CommonLibraryApplicationTests   : Starting Spb15CommonLibraryApplicationTests using Java 1.8.0_481 on LAPTOP-7PL1H9TQ with PID 31996 (started by suraj in C:\Users\suraj\sts-workspace\spb15-commonLibrary)
2026-03-31 17:52:22.199  INFO 31996 --- [           main] c.m.Spb15CommonLibraryApplicationTests   : No active profile set, falling back to 1 default profile: "default"
2026-03-31 17:52:22.553  INFO 31996 --- [           main] .s.d.r.c.RepositoryConfigurationDelegate : Bootstrapping Spring Data JPA repositories in DEFAULT mode.
2026-03-31 17:52:22.564  INFO 31996 --- [           main] .s.d.r.c.RepositoryConfigurationDelegate : Finished Spring Data repository scanning in 5 ms. Found 0 JPA repository interfaces.
2026-03-31 17:52:22.887  INFO 31996 --- [           main] com.zaxxer.hikari.HikariDataSource       : HikariPool-1 - Starting...
2026-03-31 17:52:23.512  INFO 31996 --- [           main] com.zaxxer.hikari.HikariDataSource       : HikariPool-1 - Start completed.
2026-03-31 17:52:23.549  INFO 31996 --- [           main] o.hibernate.jpa.internal.util.LogHelper  : HHH000204: Processing PersistenceUnitInfo [name: default]
2026-03-31 17:52:23.582  INFO 31996 --- [           main] org.hibernate.Version                    : HHH000412: Hibernate ORM core version 5.6.15.Final
2026-03-31 17:52:23.707  INFO 31996 --- [           main] o.hibernate.annotations.common.Version   : HCANN000001: Hibernate Commons Annotations {5.1.2.Final}
2026-03-31 17:52:23.802  INFO 31996 --- [           main] org.hibernate.dialect.Dialect            : HHH000400: Using dialect: org.hibernate.dialect.MySQL8Dialect
2026-03-31 17:52:23.938  INFO 31996 --- [           main] o.h.e.t.j.p.i.JtaPlatformInitiator       : HHH000490: Using JtaPlatform implementation: [org.hibernate.engine.transaction.jta.platform.internal.NoJtaPlatform]
2026-03-31 17:52:23.946  INFO 31996 --- [           main] j.LocalContainerEntityManagerFactoryBean : Initialized JPA EntityManagerFactory for persistence unit 'default'
2026-03-31 17:52:24.093  WARN 31996 --- [           main] JpaBaseConfiguration$JpaWebConfiguration : spring.jpa.open-in-view is enabled by default. Therefore, database queries may be performed during view rendering. Explicitly configure spring.jpa.open-in-view to disable this warning
2026-03-31 17:52:24.515  INFO 31996 --- [           main] c.m.Spb15CommonLibraryApplicationTests   : Started Spb15CommonLibraryApplicationTests in 2.473 seconds (JVM running for 3.075)
]]></system-out>
  </testcase>
</testsuite>